<?xml version="1.0" encoding="UTF-8"?>
<!-- Generated by org.testng.reporters.JUnitXMLReporter -->
<testsuite ignored="0" hostname="ISBLT-6892" failures="1" tests="18" name="Default test" time="11.258" errors="0" timestamp="2021-06-02T23:45:02 PKT">
  <testcase classname="Testcases.Testcases" name="@AfterMethod invokeScreenshotMethod" time="0.011">
    <failure type="org.openqa.selenium.NoSuchWindowException" message="no such window: target window already closed
from unknown error: web view not found
  (Session info: chrome=90.0.4430.212)
Build info: version: &amp;apos;4.0.0-alpha-1&amp;apos;, revision: &amp;apos;d1d3728cae&amp;apos;, time: &amp;apos;2019-04-24T13:42:21&amp;apos;
System info: host: &amp;apos;ISBLT-6892&amp;apos;, ip: &amp;apos;192.168.42.1&amp;apos;, os.name: &amp;apos;Windows 10&amp;apos;, os.arch: &amp;apos;amd64&amp;apos;, os.version: &amp;apos;10.0&amp;apos;, java.version: &amp;apos;15.0.2&amp;apos;
Driver info: org.openqa.selenium.chrome.ChromeDriver
Capabilities {acceptInsecureCerts: false, browserName: chrome, browserVersion: 90.0.4430.212, chrome: {chromedriverVersion: 89.0.4389.23 (61b08ee2c5002..., userDataDir: C:\Users\HAMZA~1.RAU\AppDat...}, goog:chromeOptions: {debuggerAddress: localhost:61378}, javascriptEnabled: true, networkConnectionEnabled: false, pageLoadStrategy: normal, platform: WINDOWS, platformName: WINDOWS, proxy: Proxy(), setWindowRect: true, strictFileInteractability: false, timeouts: {implicit: 0, pageLoad: 300000, script: 30000}, unhandledPromptBehavior: dismiss and notify, webauthn:extension:largeBlob: true, webauthn:virtualAuthenticators: true}
Session ID: 737b4ba5bed9ee3bdf5de99294873a03">
      <![CDATA[org.openqa.selenium.NoSuchWindowException: no such window: target window already closed
from unknown error: web view not found
  (Session info: chrome=90.0.4430.212)
Build info: version: '4.0.0-alpha-1', revision: 'd1d3728cae', time: '2019-04-24T13:42:21'
System info: host: 'ISBLT-6892', ip: '192.168.42.1', os.name: 'Windows 10', os.arch: 'amd64', os.version: '10.0', java.version: '15.0.2'
Driver info: org.openqa.selenium.chrome.ChromeDriver
Capabilities {acceptInsecureCerts: false, browserName: chrome, browserVersion: 90.0.4430.212, chrome: {chromedriverVersion: 89.0.4389.23 (61b08ee2c5002..., userDataDir: C:\Users\HAMZA~1.RAU\AppDat...}, goog:chromeOptions: {debuggerAddress: localhost:61378}, javascriptEnabled: true, networkConnectionEnabled: false, pageLoadStrategy: normal, platform: WINDOWS, platformName: WINDOWS, proxy: Proxy(), setWindowRect: true, strictFileInteractability: false, timeouts: {implicit: 0, pageLoad: 300000, script: 30000}, unhandledPromptBehavior: dismiss and notify, webauthn:extension:largeBlob: true, webauthn:virtualAuthenticators: true}
Session ID: 737b4ba5bed9ee3bdf5de99294873a03
at java.base/jdk.internal.reflect.NativeConstructorAccessorImpl.newInstance0(Native Method)
at java.base/jdk.internal.reflect.NativeConstructorAccessorImpl.newInstance(NativeConstructorAccessorImpl.java:64)
at java.base/jdk.internal.reflect.DelegatingConstructorAccessorImpl.newInstance(DelegatingConstructorAccessorImpl.java:45)
at java.base/java.lang.reflect.Constructor.newInstanceWithCaller(Constructor.java:500)
at java.base/java.lang.reflect.Constructor.newInstance(Constructor.java:481)
at org.openqa.selenium.remote.codec.w3c.W3CHttpResponseCodec.createException(W3CHttpResponseCodec.java:190)
at org.openqa.selenium.remote.codec.w3c.W3CHttpResponseCodec.decode(W3CHttpResponseCodec.java:124)
at org.openqa.selenium.remote.codec.w3c.W3CHttpResponseCodec.decode(W3CHttpResponseCodec.java:51)
at org.openqa.selenium.remote.HttpCommandExecutor.execute(HttpCommandExecutor.java:161)
at org.openqa.selenium.remote.service.DriverCommandExecutor.execute(DriverCommandExecutor.java:83)
at org.openqa.selenium.remote.RemoteWebDriver.execute(RemoteWebDriver.java:577)
at org.openqa.selenium.remote.RemoteWebDriver.execute(RemoteWebDriver.java:634)
at org.openqa.selenium.remote.RemoteWebDriver.execute(RemoteWebDriver.java:638)
at org.openqa.selenium.remote.RemoteWebDriver.getScreenshotAs(RemoteWebDriver.java:298)
at Testcases.Testcases.invokeScreenshotMethod(Testcases.java:267)
at java.base/jdk.internal.reflect.NativeMethodAccessorImpl.invoke0(Native Method)
at java.base/jdk.internal.reflect.NativeMethodAccessorImpl.invoke(NativeMethodAccessorImpl.java:64)
at java.base/jdk.internal.reflect.DelegatingMethodAccessorImpl.invoke(DelegatingMethodAccessorImpl.java:43)
at java.base/java.lang.reflect.Method.invoke(Method.java:564)
at org.testng.internal.MethodInvocationHelper.invokeMethod(MethodInvocationHelper.java:132)
at org.testng.internal.MethodInvocationHelper.invokeMethodConsideringTimeout(MethodInvocationHelper.java:61)
at org.testng.internal.ConfigInvoker.invokeConfigurationMethod(ConfigInvoker.java:366)
at org.testng.internal.ConfigInvoker.invokeConfigurations(ConfigInvoker.java:320)
at org.testng.internal.TestInvoker.runConfigMethods(TestInvoker.java:701)
at org.testng.internal.TestInvoker.runAfterGroupsConfigurations(TestInvoker.java:677)
at org.testng.internal.TestInvoker.invokeMethod(TestInvoker.java:661)
at org.testng.internal.TestInvoker.invokeTestMethod(TestInvoker.java:174)
at org.testng.internal.MethodRunner.runInSequence(MethodRunner.java:46)
at org.testng.internal.TestInvoker$MethodInvocationAgent.invoke(TestInvoker.java:822)
at org.testng.internal.TestInvoker.invokeTestMethods(TestInvoker.java:147)
at org.testng.internal.TestMethodWorker.invokeTestMethods(TestMethodWorker.java:146)
at org.testng.internal.TestMethodWorker.run(TestMethodWorker.java:128)
at java.base/java.util.ArrayList.forEach(ArrayList.java:1511)
at org.testng.TestRunner.privateRun(TestRunner.java:764)
at org.testng.TestRunner.run(TestRunner.java:585)
at org.testng.SuiteRunner.runTest(SuiteRunner.java:384)
at org.testng.SuiteRunner.runSequentially(SuiteRunner.java:378)
at org.testng.SuiteRunner.privateRun(SuiteRunner.java:337)
at org.testng.SuiteRunner.run(SuiteRunner.java:286)
at org.testng.SuiteRunnerWorker.runSuite(SuiteRunnerWorker.java:53)
at org.testng.SuiteRunnerWorker.run(SuiteRunnerWorker.java:96)
at org.testng.TestNG.runSuitesSequentially(TestNG.java:1218)
at org.testng.TestNG.runSuitesLocally(TestNG.java:1140)
at org.testng.TestNG.runSuites(TestNG.java:1069)
at org.testng.TestNG.run(TestNG.java:1037)
at org.testng.remote.AbstractRemoteTestNG.run(AbstractRemoteTestNG.java:115)
at org.testng.remote.RemoteTestNG.initAndRun(RemoteTestNG.java:251)
at org.testng.remote.RemoteTestNG.main(RemoteTestNG.java:77)
]]>
    </failure>
  </testcase> <!-- @AfterMethod invokeScreenshotMethod -->
  <testcase classname="Testcases.Testcases" name="@AfterMethod invokeScreenshotMethod" time="-1.622659501815E9">
    <skipped/>
  </testcase> <!-- @AfterMethod invokeScreenshotMethod -->
  <testcase classname="Testcases.Testcases" name="@AfterMethod invokeScreenshotMethod" time="-1.622659501841E9">
    <skipped/>
  </testcase> <!-- @AfterMethod invokeScreenshotMethod -->
  <testcase classname="Testcases.Testcases" name="@AfterMethod invokeScreenshotMethod" time="-1.622659501858E9">
    <skipped/>
  </testcase> <!-- @AfterMethod invokeScreenshotMethod -->
  <testcase classname="Testcases.Testcases" name="@AfterMethod invokeScreenshotMethod" time="-1.622659501879E9">
    <skipped/>
  </testcase> <!-- @AfterMethod invokeScreenshotMethod -->
  <testcase classname="Testcases.Testcases" name="@AfterMethod invokeScreenshotMethod" time="-1.622659501892E9">
    <skipped/>
  </testcase> <!-- @AfterMethod invokeScreenshotMethod -->
  <testcase classname="Testcases.Testcases" name="@AfterMethod invokeScreenshotMethod" time="-1.622659501906E9">
    <skipped/>
  </testcase> <!-- @AfterMethod invokeScreenshotMethod -->
  <testcase classname="Testcases.Testcases" name="@AfterMethod invokeScreenshotMethod" time="-1.622659501913E9">
    <skipped/>
  </testcase> <!-- @AfterMethod invokeScreenshotMethod -->
  <testcase classname="Testcases.Testcases" name="@AfterMethod invokeScreenshotMethod" time="-1.622659501928E9">
    <skipped/>
  </testcase> <!-- @AfterMethod invokeScreenshotMethod -->
  <testcase classname="Testcases.Testcases" name="@AfterMethod invokeScreenshotMethod" time="-1.622659501937E9">
    <skipped/>
  </testcase> <!-- @AfterMethod invokeScreenshotMethod -->
  <testcase classname="Testcases.Testcases" name="@AfterMethod invokeScreenshotMethod" time="-1.622659501945E9">
    <skipped/>
  </testcase> <!-- @AfterMethod invokeScreenshotMethod -->
  <testcase classname="Testcases.Testcases" name="@AfterMethod invokeScreenshotMethod" time="-1.622659501956E9">
    <skipped/>
  </testcase> <!-- @AfterMethod invokeScreenshotMethod -->
  <testcase classname="Testcases.Testcases" name="@AfterMethod invokeScreenshotMethod" time="-1.622659501963E9">
    <skipped/>
  </testcase> <!-- @AfterMethod invokeScreenshotMethod -->
  <testcase classname="Testcases.Testcases" name="@AfterMethod invokeScreenshotMethod" time="-1.622659501973E9">
    <skipped/>
  </testcase> <!-- @AfterMethod invokeScreenshotMethod -->
  <testcase classname="Testcases.Testcases" name="@AfterMethod invokeScreenshotMethod" time="-1.622659501987E9">
    <skipped/>
  </testcase> <!-- @AfterMethod invokeScreenshotMethod -->
  <testcase classname="Testcases.Testcases" name="@AfterMethod invokeScreenshotMethod" time="-1.622659501993E9">
    <skipped/>
  </testcase> <!-- @AfterMethod invokeScreenshotMethod -->
  <testcase classname="Testcases.Testcases" name="T00_clickPopUp_noThanksButton" time="5.143"/>
  <testcase classname="Testcases.Testcases" name="T01_clickAccountButton" time="5.762"/>
  <testcase classname="Testcases.Testcases" name="T02_fillregistrationform" time="0.045">
    <failure type="org.openqa.selenium.NoSuchWindowException" message="no such window: target window already closed
from unknown error: web view not found
  (Session info: chrome=90.0.4430.212)
Build info: version: &amp;apos;4.0.0-alpha-1&amp;apos;, revision: &amp;apos;d1d3728cae&amp;apos;, time: &amp;apos;2019-04-24T13:42:21&amp;apos;
System info: host: &amp;apos;ISBLT-6892&amp;apos;, ip: &amp;apos;192.168.42.1&amp;apos;, os.name: &amp;apos;Windows 10&amp;apos;, os.arch: &amp;apos;amd64&amp;apos;, os.version: &amp;apos;10.0&amp;apos;, java.version: &amp;apos;15.0.2&amp;apos;
Driver info: org.openqa.selenium.chrome.ChromeDriver
Capabilities {acceptInsecureCerts: false, browserName: chrome, browserVersion: 90.0.4430.212, chrome: {chromedriverVersion: 89.0.4389.23 (61b08ee2c5002..., userDataDir: C:\Users\HAMZA~1.RAU\AppDat...}, goog:chromeOptions: {debuggerAddress: localhost:61378}, javascriptEnabled: true, networkConnectionEnabled: false, pageLoadStrategy: normal, platform: WINDOWS, platformName: WINDOWS, proxy: Proxy(), setWindowRect: true, strictFileInteractability: false, timeouts: {implicit: 0, pageLoad: 300000, script: 30000}, unhandledPromptBehavior: dismiss and notify, webauthn:extension:largeBlob: true, webauthn:virtualAuthenticators: true}
Session ID: 737b4ba5bed9ee3bdf5de99294873a03
*** Element info: {Using=name, value=firstName}">
      <![CDATA[org.openqa.selenium.NoSuchWindowException: no such window: target window already closed
from unknown error: web view not found
  (Session info: chrome=90.0.4430.212)
Build info: version: '4.0.0-alpha-1', revision: 'd1d3728cae', time: '2019-04-24T13:42:21'
System info: host: 'ISBLT-6892', ip: '192.168.42.1', os.name: 'Windows 10', os.arch: 'amd64', os.version: '10.0', java.version: '15.0.2'
Driver info: org.openqa.selenium.chrome.ChromeDriver
Capabilities {acceptInsecureCerts: false, browserName: chrome, browserVersion: 90.0.4430.212, chrome: {chromedriverVersion: 89.0.4389.23 (61b08ee2c5002..., userDataDir: C:\Users\HAMZA~1.RAU\AppDat...}, goog:chromeOptions: {debuggerAddress: localhost:61378}, javascriptEnabled: true, networkConnectionEnabled: false, pageLoadStrategy: normal, platform: WINDOWS, platformName: WINDOWS, proxy: Proxy(), setWindowRect: true, strictFileInteractability: false, timeouts: {implicit: 0, pageLoad: 300000, script: 30000}, unhandledPromptBehavior: dismiss and notify, webauthn:extension:largeBlob: true, webauthn:virtualAuthenticators: true}
Session ID: 737b4ba5bed9ee3bdf5de99294873a03
*** Element info: {Using=name, value=firstName}
at java.base/jdk.internal.reflect.NativeConstructorAccessorImpl.newInstance0(Native Method)
at java.base/jdk.internal.reflect.NativeConstructorAccessorImpl.newInstance(NativeConstructorAccessorImpl.java:64)
at java.base/jdk.internal.reflect.DelegatingConstructorAccessorImpl.newInstance(DelegatingConstructorAccessorImpl.java:45)
at java.base/java.lang.reflect.Constructor.newInstanceWithCaller(Constructor.java:500)
at java.base/java.lang.reflect.Constructor.newInstance(Constructor.java:481)
at org.openqa.selenium.remote.codec.w3c.W3CHttpResponseCodec.createException(W3CHttpResponseCodec.java:190)
at org.openqa.selenium.remote.codec.w3c.W3CHttpResponseCodec.decode(W3CHttpResponseCodec.java:124)
at org.openqa.selenium.remote.codec.w3c.W3CHttpResponseCodec.decode(W3CHttpResponseCodec.java:51)
at org.openqa.selenium.remote.HttpCommandExecutor.execute(HttpCommandExecutor.java:161)
at org.openqa.selenium.remote.service.DriverCommandExecutor.execute(DriverCommandExecutor.java:83)
at org.openqa.selenium.remote.RemoteWebDriver.execute(RemoteWebDriver.java:577)
at org.openqa.selenium.remote.RemoteWebDriver.findElement(RemoteWebDriver.java:328)
at org.openqa.selenium.remote.RemoteWebDriver.findElementByName(RemoteWebDriver.java:416)
at org.openqa.selenium.By$ByName.findElement(By.java:284)
at org.openqa.selenium.remote.RemoteWebDriver.findElement(RemoteWebDriver.java:320)
at Testcases.Testcases.T02_fillregistrationform(Testcases.java:80)
at java.base/jdk.internal.reflect.NativeMethodAccessorImpl.invoke0(Native Method)
at java.base/jdk.internal.reflect.NativeMethodAccessorImpl.invoke(NativeMethodAccessorImpl.java:64)
at java.base/jdk.internal.reflect.DelegatingMethodAccessorImpl.invoke(DelegatingMethodAccessorImpl.java:43)
at java.base/java.lang.reflect.Method.invoke(Method.java:564)
at org.testng.internal.MethodInvocationHelper.invokeMethod(MethodInvocationHelper.java:132)
at org.testng.internal.TestInvoker.invokeMethod(TestInvoker.java:599)
at org.testng.internal.TestInvoker.invokeTestMethod(TestInvoker.java:174)
at org.testng.internal.MethodRunner.runInSequence(MethodRunner.java:46)
at org.testng.internal.TestInvoker$MethodInvocationAgent.invoke(TestInvoker.java:822)
at org.testng.internal.TestInvoker.invokeTestMethods(TestInvoker.java:147)
at org.testng.internal.TestMethodWorker.invokeTestMethods(TestMethodWorker.java:146)
at org.testng.internal.TestMethodWorker.run(TestMethodWorker.java:128)
at java.base/java.util.ArrayList.forEach(ArrayList.java:1511)
at org.testng.TestRunner.privateRun(TestRunner.java:764)
at org.testng.TestRunner.run(TestRunner.java:585)
at org.testng.SuiteRunner.runTest(SuiteRunner.java:384)
at org.testng.SuiteRunner.runSequentially(SuiteRunner.java:378)
at org.testng.SuiteRunner.privateRun(SuiteRunner.java:337)
at org.testng.SuiteRunner.run(SuiteRunner.java:286)
at org.testng.SuiteRunnerWorker.runSuite(SuiteRunnerWorker.java:53)
at org.testng.SuiteRunnerWorker.run(SuiteRunnerWorker.java:96)
at org.testng.TestNG.runSuitesSequentially(TestNG.java:1218)
at org.testng.TestNG.runSuitesLocally(TestNG.java:1140)
at org.testng.TestNG.runSuites(TestNG.java:1069)
at org.testng.TestNG.run(TestNG.java:1037)
at org.testng.remote.AbstractRemoteTestNG.run(AbstractRemoteTestNG.java:115)
at org.testng.remote.RemoteTestNG.initAndRun(RemoteTestNG.java:251)
at org.testng.remote.RemoteTestNG.main(RemoteTestNG.java:77)
]]>
    </failure>
  </testcase> <!-- T02_fillregistrationform -->
  <testcase classname="Testcases.Testcases" name="T03_goingToAccountsPage" time="0.0">
    <skipped/>
  </testcase> <!-- T03_goingToAccountsPage -->
  <testcase classname="Testcases.Testcases" name="T04_clickeditbutton" time="0.0">
    <skipped/>
  </testcase> <!-- T04_clickeditbutton -->
  <testcase classname="Testcases.Testcases" name="T05_emaildisableverification" time="0.0">
    <skipped/>
  </testcase> <!-- T05_emaildisableverification -->
  <testcase classname="Testcases.Testcases" name="T06_emailVerification" time="0.0">
    <skipped/>
  </testcase> <!-- T06_emailVerification -->
  <testcase classname="Testcases.Testcases" name="T07_hoverClothingNavigationOption" time="0.0">
    <skipped/>
  </testcase> <!-- T07_hoverClothingNavigationOption -->
  <testcase classname="Testcases.Testcases" name="T08_clickingAnItempant" time="0.0">
    <skipped/>
  </testcase> <!-- T08_clickingAnItempant -->
  <testcase classname="Testcases.Testcases" name="T09_gettingitem1name" time="0.0">
    <skipped/>
  </testcase> <!-- T09_gettingitem1name -->
  <testcase classname="Testcases.Testcases" name="T10_selectcolor" time="0.0">
    <skipped/>
  </testcase> <!-- T10_selectcolor -->
  <testcase classname="Testcases.Testcases" name="T11_selectsize" time="0.0">
    <skipped/>
  </testcase> <!-- T11_selectsize -->
  <testcase classname="Testcases.Testcases" name="T12_clickaddtobagbtn" time="0.0">
    <skipped/>
  </testcase> <!-- T12_clickaddtobagbtn -->
  <testcase classname="Testcases.Testcases" name="T13_clickbagbuttontoviewcart" time="0.0">
    <skipped/>
  </testcase> <!-- T13_clickbagbuttontoviewcart -->
  <testcase classname="Testcases.Testcases" name="T14_verifyitemname" time="0.0">
    <skipped/>
  </testcase> <!-- T14_verifyitemname -->
  <testcase classname="Testcases.Testcases" name="T15_clickbagbuttontoviewcart" time="0.0">
    <skipped/>
  </testcase> <!-- T15_clickbagbuttontoviewcart -->
  <testcase classname="Testcases.Testcases" name="T16_fillform" time="0.0">
    <skipped/>
  </testcase> <!-- T16_fillform -->
  <testcase classname="Testcases.Testcases" name="T17_clickcontinuebtn" time="0.0">
    <skipped/>
  </testcase> <!-- T17_clickcontinuebtn -->
</testsuite> <!-- Default test -->
